{"total": {"lines":{"total":940,"covered":486,"skipped":0,"pct":51.7},"statements":{"total":940,"covered":486,"skipped":0,"pct":51.7},"functions":{"total":53,"covered":27,"skipped":0,"pct":50.94},"branches":{"total":133,"covered":101,"skipped":0,"pct":75.93},"branchesTrue":{"total":0,"covered":0,"skipped":0,"pct":100}}
,"C:\\Users\\LOTAS\\Desktop\\Memalerts\\memalerts-frontend\\overlay\\runtimeConfig.ts": {"lines":{"total":23,"covered":16,"skipped":0,"pct":69.56},"functions":{"total":2,"covered":2,"skipped":0,"pct":100},"statements":{"total":23,"covered":16,"skipped":0,"pct":69.56},"branches":{"total":6,"covered":2,"skipped":0,"pct":33.33}}
,"C:\\Users\\LOTAS\\Desktop\\Memalerts\\memalerts-frontend\\src\\i18n\\config.ts": {"lines":{"total":24,"covered":24,"skipped":0,"pct":100},"functions":{"total":0,"covered":0,"skipped":0,"pct":100},"statements":{"total":24,"covered":24,"skipped":0,"pct":100},"branches":{"total":0,"covered":0,"skipped":0,"pct":100}}
,"C:\\Users\\LOTAS\\Desktop\\Memalerts\\memalerts-frontend\\src\\lib\\api.ts": {"lines":{"total":289,"covered":61,"skipped":0,"pct":21.1},"functions":{"total":18,"covered":2,"skipped":0,"pct":11.11},"statements":{"total":289,"covered":61,"skipped":0,"pct":21.1},"branches":{"total":32,"covered":30,"skipped":0,"pct":93.75}}
,"C:\\Users\\LOTAS\\Desktop\\Memalerts\\memalerts-frontend\\src\\shared\\api\\toApiError.ts": {"lines":{"total":12,"covered":1,"skipped":0,"pct":8.33},"functions":{"total":1,"covered":0,"skipped":0,"pct":0},"statements":{"total":12,"covered":1,"skipped":0,"pct":8.33},"branches":{"total":0,"covered":0,"skipped":0,"pct":100}}
,"C:\\Users\\LOTAS\\Desktop\\Memalerts\\memalerts-frontend\\src\\shared\\config\\runtimeConfig.ts": {"lines":{"total":23,"covered":19,"skipped":0,"pct":82.6},"functions":{"total":2,"covered":2,"skipped":0,"pct":100},"statements":{"total":23,"covered":19,"skipped":0,"pct":82.6},"branches":{"total":9,"covered":5,"skipped":0,"pct":55.55}}
,"C:\\Users\\LOTAS\\Desktop\\Memalerts\\memalerts-frontend\\src\\shared\\lib\\cn.ts": {"lines":{"total":21,"covered":12,"skipped":0,"pct":57.14},"functions":{"total":2,"covered":2,"skipped":0,"pct":100},"statements":{"total":21,"covered":12,"skipped":0,"pct":57.14},"branches":{"total":8,"covered":6,"skipped":0,"pct":75}}
,"C:\\Users\\LOTAS\\Desktop\\Memalerts\\memalerts-frontend\\src\\shared\\lib\\userPreferences.ts": {"lines":{"total":55,"covered":4,"skipped":0,"pct":7.27},"functions":{"total":5,"covered":0,"skipped":0,"pct":0},"statements":{"total":55,"covered":4,"skipped":0,"pct":7.27},"branches":{"total":0,"covered":0,"skipped":0,"pct":100}}
,"C:\\Users\\LOTAS\\Desktop\\Memalerts\\memalerts-frontend\\src\\shared\\lib\\a11y\\focus.ts": {"lines":{"total":30,"covered":29,"skipped":0,"pct":96.66},"functions":{"total":3,"covered":3,"skipped":0,"pct":100},"statements":{"total":30,"covered":29,"skipped":0,"pct":96.66},"branches":{"total":11,"covered":8,"skipped":0,"pct":72.72}}
,"C:\\Users\\LOTAS\\Desktop\\Memalerts\\memalerts-frontend\\src\\shared\\ui\\Modal\\Modal.tsx": {"lines":{"total":99,"covered":91,"skipped":0,"pct":91.91},"functions":{"total":4,"covered":3,"skipped":0,"pct":75},"statements":{"total":99,"covered":91,"skipped":0,"pct":91.91},"branches":{"total":30,"covered":22,"skipped":0,"pct":73.33}}
,"C:\\Users\\LOTAS\\Desktop\\Memalerts\\memalerts-frontend\\src\\store\\slices\\authSlice.ts": {"lines":{"total":97,"covered":65,"skipped":0,"pct":67.01},"functions":{"total":4,"covered":3,"skipped":0,"pct":75},"statements":{"total":97,"covered":65,"skipped":0,"pct":67.01},"branches":{"total":9,"covered":7,"skipped":0,"pct":77.77}}
,"C:\\Users\\LOTAS\\Desktop\\Memalerts\\memalerts-frontend\\src\\store\\slices\\memesSlice.ts": {"lines":{"total":54,"covered":36,"skipped":0,"pct":66.66},"functions":{"total":3,"covered":3,"skipped":0,"pct":100},"statements":{"total":54,"covered":36,"skipped":0,"pct":66.66},"branches":{"total":4,"covered":4,"skipped":0,"pct":100}}
,"C:\\Users\\LOTAS\\Desktop\\Memalerts\\memalerts-frontend\\src\\store\\slices\\submissionsSlice.ts": {"lines":{"total":213,"covered":128,"skipped":0,"pct":60.09},"functions":{"total":9,"covered":7,"skipped":0,"pct":77.77},"statements":{"total":213,"covered":128,"skipped":0,"pct":60.09},"branches":{"total":24,"covered":17,"skipped":0,"pct":70.83}}
}
