TN:
SF:overlay\runtimeConfig.ts
FN:18,getRuntimeConfig
FN:22,loadRuntimeConfig
FNF:2
FNH:2
FNDA:1,getRuntimeConfig
FNDA:1,loadRuntimeConfig
DA:16,1
DA:18,1
DA:19,1
DA:20,1
DA:22,1
DA:23,1
DA:25,1
DA:27,1
DA:28,0
DA:29,0
DA:30,0
DA:31,0
DA:32,0
DA:34,0
DA:35,0
DA:36,1
DA:37,1
DA:38,1
DA:39,1
DA:40,1
DA:41,1
DA:42,1
DA:43,1
LF:23
LH:16
BRDA:18,0,0,1
BRDA:19,1,0,0
BRDA:19,2,0,0
BRDA:22,3,0,1
BRDA:23,4,0,0
BRDA:27,5,0,0
BRF:6
BRH:2
end_of_record
TN:
SF:src\i18n\config.ts
FNF:0
FNH:0
DA:1,1
DA:2,1
DA:3,1
DA:5,1
DA:6,1
DA:8,1
DA:9,1
DA:10,1
DA:11,1
DA:12,1
DA:13,1
DA:14,1
DA:15,1
DA:16,1
DA:17,1
DA:18,1
DA:19,1
DA:20,1
DA:21,1
DA:22,1
DA:23,1
DA:24,1
DA:25,1
DA:27,1
LF:24
LH:24
BRF:0
BRH:0
end_of_record
TN:
SF:src\lib\api.ts
FN:3,getRequestIdFromError
FN:27,emitGlobalApiError
FN:93,getRequestKey
FN:102,cleanupPendingRequests
FN:115,getApiUrl
FN:156,validateStatus
FN:173,apiRequestWithMeta
FN:186,apiGetWithMeta
FN:197,setApiBaseUrl
FN:204,request
FN:276,get
FN:329,delete
FN:332,head
FN:335,options
FN:338,post
FN:350,put
FN:353,patch
FN:356,getUri
FNF:18
FNH:2
FNDA:6,getRequestIdFromError
FNDA:0,emitGlobalApiError
FNDA:0,getRequestKey
FNDA:0,cleanupPendingRequests
FNDA:5,getApiUrl
FNDA:0,validateStatus
FNDA:0,apiRequestWithMeta
FNDA:0,apiGetWithMeta
FNDA:0,setApiBaseUrl
FNDA:0,request
FNDA:0,get
FNDA:0,delete
FNDA:0,head
FNDA:0,options
FNDA:0,post
FNDA:0,put
FNDA:0,patch
FNDA:0,getUri
DA:1,1
DA:3,1
DA:4,6
DA:5,6
DA:6,6
DA:7,6
DA:8,5
DA:9,5
DA:11,6
DA:13,5
DA:14,6
DA:15,1
DA:16,4
DA:17,6
DA:18,6
DA:20,6
DA:21,6
DA:22,6
DA:24,3
DA:25,3
DA:27,0
DA:29,0
DA:30,0
DA:32,0
DA:33,0
DA:34,0
DA:35,0
DA:36,0
DA:37,0
DA:38,0
DA:39,0
DA:40,0
DA:41,0
DA:43,0
DA:44,0
DA:45,0
DA:46,0
DA:47,0
DA:48,0
DA:49,0
DA:50,0
DA:51,0
DA:52,0
DA:53,0
DA:54,0
DA:55,0
DA:56,0
DA:79,1
DA:80,1
DA:89,1
DA:90,1
DA:93,0
DA:94,0
DA:95,0
DA:96,0
DA:97,0
DA:98,0
DA:99,0
DA:102,0
DA:103,0
DA:104,0
DA:105,0
DA:106,0
DA:107,0
DA:108,0
DA:109,0
DA:115,1
DA:116,5
DA:120,5
DA:121,0
DA:123,0
DA:124,0
DA:125,0
DA:126,0
DA:131,5
DA:132,0
DA:133,0
DA:134,0
DA:137,5
DA:138,5
DA:139,5
DA:141,1
DA:144,1
DA:145,1
DA:146,1
DA:147,1
DA:150,1
DA:151,1
DA:152,1
DA:153,1
DA:156,1
DA:157,1
DA:173,0
DA:174,0
DA:175,0
DA:176,0
DA:177,0
DA:178,0
DA:179,0
DA:180,0
DA:181,0
DA:182,0
DA:183,0
DA:184,0
DA:186,0
DA:187,0
DA:188,0
DA:189,0
DA:190,0
DA:191,0
DA:197,1
DA:198,0
DA:199,0
DA:202,1
DA:203,1
DA:204,1
DA:206,0
DA:207,0
DA:208,0
DA:209,0
DA:211,0
DA:213,0
DA:214,0
DA:217,0
DA:218,0
DA:220,0
DA:221,0
DA:222,0
DA:225,0
DA:226,0
DA:227,0
DA:228,0
DA:229,0
DA:232,0
DA:233,0
DA:234,0
DA:235,0
DA:236,0
DA:237,0
DA:238,0
DA:239,0
DA:240,0
DA:241,0
DA:242,0
DA:243,0
DA:244,0
DA:245,0
DA:246,0
DA:248,0
DA:249,0
DA:250,0
DA:252,0
DA:253,0
DA:254,0
DA:256,0
DA:257,0
DA:258,0
DA:259,0
DA:261,0
DA:262,0
DA:266,0
DA:267,0
DA:268,0
DA:269,0
DA:270,0
DA:271,0
DA:272,0
DA:273,0
DA:274,0
DA:275,0
DA:276,1
DA:278,0
DA:279,0
DA:280,0
DA:281,0
DA:283,0
DA:284,0
DA:285,0
DA:287,0
DA:288,0
DA:289,0
DA:290,0
DA:291,0
DA:293,0
DA:294,0
DA:295,0
DA:296,0
DA:297,0
DA:299,0
DA:300,0
DA:301,0
DA:302,0
DA:303,0
DA:304,0
DA:305,0
DA:306,0
DA:307,0
DA:308,0
DA:309,0
DA:310,0
DA:311,0
DA:312,0
DA:313,0
DA:315,0
DA:316,0
DA:317,0
DA:318,0
DA:319,0
DA:320,0
DA:322,0
DA:323,0
DA:324,0
DA:325,0
DA:327,0
DA:328,0
DA:329,1
DA:330,0
DA:331,0
DA:332,1
DA:333,0
DA:334,0
DA:335,1
DA:336,0
DA:337,0
DA:338,1
DA:340,0
DA:341,0
DA:342,0
DA:343,0
DA:344,0
DA:345,0
DA:346,0
DA:347,0
DA:348,0
DA:349,0
DA:350,1
DA:351,0
DA:352,0
DA:353,1
DA:354,0
DA:355,0
DA:356,1
DA:357,0
DA:358,0
DA:359,1
DA:360,1
DA:361,1
DA:363,1
DA:364,1
DA:365,1
DA:367,0
DA:368,0
DA:369,0
DA:370,0
DA:371,0
DA:372,0
DA:373,0
DA:375,0
DA:378,0
DA:379,0
DA:380,0
DA:381,0
DA:382,0
DA:383,0
DA:384,0
DA:385,0
DA:386,0
DA:387,0
DA:388,0
DA:390,0
DA:391,0
DA:394,0
DA:396,0
DA:397,0
DA:398,0
DA:399,0
DA:400,0
DA:403,0
DA:404,0
DA:405,0
DA:406,0
DA:408,0
DA:410,0
DA:411,0
DA:412,0
DA:414,0
DA:416,0
DA:417,0
DA:418,1
LF:289
LH:61
BRDA:3,0,0,6
BRDA:5,1,0,4
BRDA:5,2,0,2
BRDA:5,3,0,4
BRDA:7,4,0,2
BRDA:7,5,0,5
BRDA:8,6,0,1
BRDA:8,7,0,5
BRDA:9,8,0,1
BRDA:11,9,0,1
BRDA:11,10,0,1
BRDA:11,11,0,5
BRDA:14,12,0,3
BRDA:14,13,0,1
BRDA:14,14,0,1
BRDA:14,15,0,1
BRDA:15,16,0,4
BRDA:17,17,0,1
BRDA:18,18,0,1
BRDA:18,19,0,1
BRDA:18,20,0,4
BRDA:20,21,0,2
BRDA:20,22,0,2
BRDA:20,23,0,2
BRDA:20,24,0,2
BRDA:21,25,0,2
BRDA:22,26,0,1
BRDA:22,27,0,1
BRDA:22,28,0,3
BRDA:115,29,0,5
BRDA:120,30,0,0
BRDA:131,31,0,0
BRF:32
BRH:30
end_of_record
TN:
SF:src\shared\api\toApiError.ts
FN:3,toApiError
FNF:1
FNH:0
FNDA:0,toApiError
DA:3,1
DA:4,0
DA:5,0
DA:7,0
DA:8,0
DA:10,0
DA:11,0
DA:12,0
DA:13,0
DA:14,0
DA:16,0
DA:17,0
LF:12
LH:1
BRF:0
BRH:0
end_of_record
TN:
SF:src\shared\config\runtimeConfig.ts
FN:51,getRuntimeConfig
FN:55,loadRuntimeConfig
FNF:2
FNH:2
FNDA:1,getRuntimeConfig
FNDA:3,loadRuntimeConfig
DA:49,1
DA:51,1
DA:52,1
DA:53,1
DA:55,3
DA:56,3
DA:58,2
DA:59,2
DA:60,3
DA:61,1
DA:62,1
DA:63,1
DA:64,1
DA:66,1
DA:67,3
DA:68,3
DA:69,3
DA:70,3
DA:71,0
DA:72,0
DA:73,0
DA:74,0
DA:75,3
LF:23
LH:19
BRDA:51,0,0,1
BRDA:52,1,0,0
BRDA:52,2,0,0
BRDA:55,3,0,3
BRDA:56,4,0,1
BRDA:56,5,0,2
BRDA:60,6,0,1
BRDA:67,7,0,0
BRDA:70,8,0,0
BRF:9
BRH:5
end_of_record
TN:
SF:src\shared\lib\cn.ts
FN:10,toClassName
FN:34,cn
FNF:2
FNH:2
FNDA:24,toClassName
FNDA:8,cn
DA:10,24
DA:11,24
DA:13,24
DA:14,16
DA:15,16
DA:16,16
DA:18,0
DA:19,0
DA:20,0
DA:21,0
DA:23,0
DA:24,0
DA:25,0
DA:26,0
DA:27,0
DA:28,24
DA:34,1
DA:35,8
DA:36,8
DA:37,8
DA:38,8
LF:21
LH:12
BRDA:10,0,0,24
BRDA:11,1,0,8
BRDA:11,2,0,16
BRDA:13,3,0,0
BRDA:13,4,0,16
BRDA:16,5,0,0
BRDA:34,6,0,8
BRDA:36,7,0,24
BRF:8
BRH:6
end_of_record
TN:
SF:src\shared\lib\userPreferences.ts
FN:17,isRecord
FN:21,normalize
FN:41,getUserPreferences
FN:63,patchUserPreferences
FN:85,clearUserPreferencesCache
FNF:5
FNH:0
FNDA:0,isRecord
FNDA:0,normalize
FNDA:0,getUserPreferences
FNDA:0,patchUserPreferences
FNDA:0,clearUserPreferencesCache
DA:1,1
DA:14,1
DA:15,1
DA:17,0
DA:18,0
DA:19,0
DA:21,0
DA:22,0
DA:23,0
DA:24,0
DA:25,0
DA:26,0
DA:27,0
DA:28,0
DA:29,0
DA:41,0
DA:42,0
DA:43,0
DA:45,0
DA:46,0
DA:47,0
DA:48,0
DA:49,0
DA:50,0
DA:51,0
DA:52,0
DA:53,0
DA:54,0
DA:55,0
DA:56,0
DA:57,0
DA:58,0
DA:60,0
DA:61,0
DA:63,0
DA:64,0
DA:67,0
DA:68,0
DA:69,0
DA:70,0
DA:72,0
DA:73,0
DA:74,0
DA:75,0
DA:76,0
DA:77,0
DA:78,0
DA:80,0
DA:81,0
DA:82,0
DA:83,0
DA:85,1
DA:86,0
DA:87,0
DA:88,0
LF:55
LH:4
BRF:0
BRH:0
end_of_record
TN:
SF:src\shared\lib\a11y\focus.ts
FN:15,isVisible
FN:23,getFocusableElements
FN:28,focusSafely
FNF:3
FNH:3
FNDA:16,isVisible
FNDA:7,getFocusableElements
FNDA:8,focusSafely
DA:1,1
DA:2,1
DA:3,1
DA:4,1
DA:5,1
DA:6,1
DA:7,1
DA:8,1
DA:9,1
DA:10,1
DA:11,1
DA:12,1
DA:13,1
DA:15,16
DA:17,16
DA:18,16
DA:19,16
DA:20,15
DA:21,15
DA:23,1
DA:24,7
DA:25,7
DA:26,7
DA:28,1
DA:29,8
DA:30,8
DA:31,8
DA:32,8
DA:34,0
DA:35,8
LF:30
LH:29
BRDA:15,0,0,16
BRDA:17,1,0,0
BRDA:19,2,0,1
BRDA:19,3,0,15
BRDA:23,4,0,7
BRDA:25,5,0,16
BRDA:25,6,0,15
BRDA:25,7,0,15
BRDA:28,8,0,8
BRDA:29,9,0,0
BRDA:32,10,0,0
BRF:11
BRH:8
end_of_record
TN:
SF:src\shared\ui\Modal\Modal.tsx
FN:24,Modal
FN:71,onMouseDown
FN:89,onMouseDown
FN:90,onKeyDownCapture
FNF:4
FNH:3
FNDA:6,Modal
FNDA:1,onMouseDown
FNDA:0,onMouseDown
FNDA:6,onKeyDownCapture
DA:1,1
DA:24,1
DA:25,6
DA:26,6
DA:27,6
DA:28,6
DA:29,6
DA:30,6
DA:31,6
DA:32,6
DA:33,6
DA:34,6
DA:35,6
DA:36,6
DA:37,6
DA:38,6
DA:40,6
DA:41,6
DA:43,4
DA:44,6
DA:46,6
DA:47,2
DA:48,2
DA:49,2
DA:50,2
DA:51,6
DA:53,6
DA:54,4
DA:55,4
DA:56,4
DA:57,4
DA:58,4
DA:59,6
DA:61,6
DA:63,4
DA:64,4
DA:65,4
DA:66,4
DA:67,4
DA:68,4
DA:69,4
DA:70,4
DA:71,4
DA:72,1
DA:73,1
DA:74,1
DA:76,4
DA:77,4
DA:78,4
DA:79,6
DA:80,6
DA:81,6
DA:82,6
DA:83,6
DA:84,6
DA:86,6
DA:87,6
DA:88,6
DA:89,6
DA:90,6
DA:91,6
DA:92,2
DA:93,2
DA:94,2
DA:95,2
DA:96,2
DA:98,4
DA:99,3
DA:100,3
DA:102,3
DA:103,6
DA:104,0
DA:105,0
DA:106,0
DA:107,0
DA:109,3
DA:110,3
DA:111,3
DA:114,6
DA:115,0
DA:116,0
DA:117,0
DA:118,0
DA:120,6
DA:121,1
DA:122,1
DA:123,1
DA:124,1
DA:125,6
DA:126,2
DA:127,1
DA:128,1
DA:129,1
DA:130,2
DA:131,6
DA:133,6
DA:134,6
DA:135,6
DA:137,6
LF:99
LH:91
BRDA:24,0,0,6
BRDA:61,1,0,2
BRDA:61,2,0,4
BRDA:79,3,0,0
BRDA:79,4,0,4
BRDA:86,5,0,4
BRDA:40,6,0,6
BRDA:41,7,0,2
BRDA:41,8,0,4
BRDA:44,9,0,0
BRDA:46,10,0,2
BRDA:48,11,0,0
BRDA:50,12,0,0
BRDA:53,13,0,4
BRDA:71,14,0,1
BRDA:72,15,0,0
BRDA:90,16,0,6
BRDA:91,17,0,2
BRDA:96,18,0,4
BRDA:98,19,0,1
BRDA:98,20,0,3
BRDA:100,21,0,0
BRDA:100,22,0,3
BRDA:103,23,0,0
BRDA:107,24,0,3
BRDA:114,25,0,0
BRDA:118,26,0,3
BRDA:120,27,0,1
BRDA:125,28,0,2
BRDA:126,29,0,1
BRF:30
BRH:22
end_of_record
TN:
SF:src\store\slices\authSlice.ts
FN:59,setUnauthenticated
FN:65,clearError
FN:68,updateWalletBalance
FN:92,extraReducers
FNF:4
FNH:3
FNDA:1,setUnauthenticated
FNDA:0,clearError
FNDA:2,updateWalletBalance
FNDA:2,extraReducers
DA:1,1
DA:15,1
DA:16,1
DA:17,1
DA:18,1
DA:19,1
DA:21,1
DA:22,1
DA:23,1
DA:24,0
DA:25,0
DA:28,0
DA:29,0
DA:32,0
DA:34,0
DA:35,0
DA:37,0
DA:38,0
DA:39,0
DA:40,0
DA:41,0
DA:42,1
DA:44,1
DA:45,1
DA:46,1
DA:47,0
DA:48,0
DA:49,0
DA:50,0
DA:51,0
DA:52,0
DA:53,1
DA:55,1
DA:56,1
DA:57,1
DA:58,1
DA:59,1
DA:60,1
DA:61,1
DA:62,1
DA:63,1
DA:64,1
DA:65,1
DA:66,0
DA:67,0
DA:68,1
DA:69,2
DA:72,2
DA:73,1
DA:74,1
DA:76,2
DA:77,2
DA:78,1
DA:79,1
DA:80,1
DA:83,1
DA:84,1
DA:85,1
DA:86,1
DA:87,1
DA:88,1
DA:89,1
DA:90,2
DA:91,1
DA:92,1
DA:93,2
DA:95,2
DA:96,0
DA:97,0
DA:98,2
DA:99,2
DA:100,0
DA:101,0
DA:102,0
DA:103,2
DA:104,2
DA:105,1
DA:106,1
DA:107,1
DA:108,2
DA:110,2
DA:111,0
DA:112,2
DA:113,2
DA:114,0
DA:115,0
DA:116,0
DA:117,0
DA:118,2
DA:119,2
DA:120,0
DA:121,0
DA:122,2
DA:123,2
DA:124,1
DA:126,1
DA:127,1
LF:97
LH:65
BRDA:59,0,0,1
BRDA:68,1,0,2
BRDA:69,2,0,0
BRDA:72,3,0,1
BRDA:77,4,0,1
BRDA:76,5,0,1
BRDA:92,6,0,2
BRDA:104,7,0,1
BRDA:107,8,0,0
BRF:9
BRH:7
end_of_record
TN:
SF:src\store\slices\memesSlice.ts
FN:51,clearError
FN:54,clearMemes
FN:58,extraReducers
FNF:3
FNH:3
FNDA:1,clearError
FNDA:1,clearMemes
FNDA:2,extraReducers
DA:1,1
DA:14,1
DA:15,1
DA:16,1
DA:17,1
DA:18,1
DA:20,1
DA:24,1
DA:25,0
DA:26,0
DA:27,0
DA:28,0
DA:29,0
DA:30,0
DA:31,0
DA:32,0
DA:34,1
DA:38,1
DA:39,0
DA:41,0
DA:42,0
DA:43,0
DA:44,0
DA:45,0
DA:47,1
DA:48,1
DA:49,1
DA:50,1
DA:51,1
DA:52,1
DA:53,1
DA:54,1
DA:55,1
DA:56,1
DA:57,1
DA:58,1
DA:59,2
DA:61,2
DA:62,0
DA:63,0
DA:64,2
DA:65,2
DA:66,1
DA:67,1
DA:68,1
DA:69,2
DA:70,2
DA:71,0
DA:72,0
DA:73,2
DA:74,2
DA:75,1
DA:77,1
DA:78,1
LF:54
LH:36
BRDA:51,0,0,1
BRDA:54,1,0,1
BRDA:58,2,0,2
BRDA:65,3,0,1
BRF:4
BRH:4
end_of_record
TN:
SF:src\store\slices\submissionsSlice.ts
FN:30,isSubmissionsPage
FN:131,clearError
FN:134,removeSubmission
FN:138,submissionCreated
FN:159,submissionApproved
FN:165,submissionRejected
FN:171,submissionNeedsChanges
FN:177,submissionResubmitted
FN:198,extraReducers
FNF:9
FNH:7
FNDA:0,isSubmissionsPage
FNDA:0,clearError
FNDA:1,removeSubmission
FNDA:2,submissionCreated
FNDA:1,submissionApproved
FNDA:1,submissionRejected
FNDA:1,submissionNeedsChanges
FNDA:1,submissionResubmitted
FNDA:2,extraReducers
DA:1,1
DA:18,1
DA:19,1
DA:20,1
DA:21,1
DA:22,1
DA:23,1
DA:24,1
DA:25,1
DA:26,1
DA:30,0
DA:31,0
DA:32,0
DA:33,0
DA:34,0
DA:36,1
DA:40,1
DA:41,0
DA:42,0
DA:45,0
DA:46,0
DA:47,0
DA:50,0
DA:51,0
DA:52,0
DA:53,0
DA:54,0
DA:55,0
DA:56,0
DA:57,0
DA:58,0
DA:59,0
DA:60,0
DA:61,0
DA:63,1
DA:67,1
DA:68,0
DA:69,0
DA:70,0
DA:71,0
DA:72,0
DA:73,0
DA:74,0
DA:75,0
DA:76,0
DA:77,0
DA:78,0
DA:80,1
DA:85,1
DA:86,1
DA:87,0
DA:88,0
DA:89,0
DA:90,0
DA:91,0
DA:92,0
DA:93,0
DA:94,0
DA:95,0
DA:96,0
DA:97,1
DA:99,1
DA:103,1
DA:104,0
DA:105,0
DA:106,0
DA:107,0
DA:108,0
DA:109,0
DA:110,0
DA:111,0
DA:113,1
DA:117,1
DA:118,0
DA:119,0
DA:120,0
DA:121,0
DA:122,0
DA:123,0
DA:124,0
DA:125,0
DA:127,1
DA:128,1
DA:129,1
DA:130,1
DA:131,1
DA:132,0
DA:133,0
DA:134,1
DA:135,1
DA:136,1
DA:138,1
DA:141,2
DA:142,2
DA:143,1
DA:144,1
DA:145,1
DA:146,1
DA:147,1
DA:148,1
DA:149,1
DA:150,1
DA:151,1
DA:152,1
DA:153,2
DA:154,2
DA:155,2
DA:156,2
DA:157,2
DA:158,2
DA:159,1
DA:160,1
DA:161,1
DA:162,1
DA:163,1
DA:164,1
DA:165,1
DA:166,1
DA:167,1
DA:168,1
DA:169,1
DA:170,1
DA:171,1
DA:172,1
DA:173,1
DA:174,1
DA:175,1
DA:176,1
DA:177,1
DA:179,1
DA:180,1
DA:181,1
DA:182,1
DA:183,1
DA:184,1
DA:185,1
DA:186,1
DA:187,1
DA:188,1
DA:189,1
DA:190,1
DA:191,1
DA:192,1
DA:193,1
DA:194,1
DA:195,1
DA:196,1
DA:197,1
DA:198,1
DA:199,2
DA:201,2
DA:203,0
DA:204,0
DA:205,0
DA:206,2
DA:207,2
DA:208,2
DA:209,2
DA:210,2
DA:213,2
DA:214,2
DA:215,1
DA:216,1
DA:217,2
DA:218,2
DA:219,1
DA:220,1
DA:221,1
DA:222,2
DA:223,2
DA:224,2
DA:225,2
DA:226,2
DA:227,0
DA:228,0
DA:229,0
DA:232,0
DA:233,0
DA:234,0
DA:235,2
DA:237,2
DA:238,0
DA:239,0
DA:240,0
DA:241,0
DA:242,0
DA:243,2
DA:245,2
DA:246,0
DA:247,0
DA:248,0
DA:249,0
DA:250,0
DA:251,2
DA:253,2
DA:254,0
DA:255,0
DA:256,0
DA:257,0
DA:258,0
DA:259,2
DA:260,2
DA:261,1
DA:263,1
DA:264,1
DA:265,1
DA:266,1
DA:267,1
DA:268,1
DA:269,1
DA:270,1
DA:271,1
DA:272,1
LF:213
LH:128
BRDA:134,0,0,1
BRDA:135,1,0,2
BRDA:138,2,0,2
BRDA:142,3,0,1
BRDA:153,4,0,0
BRDA:141,5,0,1
BRDA:159,6,0,1
BRDA:161,7,0,2
BRDA:165,8,0,1
BRDA:167,9,0,1
BRDA:171,10,0,1
BRDA:175,11,0,0
BRDA:175,12,0,0
BRDA:175,13,0,0
BRDA:177,14,0,1
BRDA:180,15,0,0
BRDA:191,16,0,0
BRDA:198,17,0,2
BRDA:207,18,0,2
BRDA:213,19,0,0
BRDA:214,20,0,1
BRDA:216,21,0,2
BRDA:217,22,0,1
BRDA:215,23,0,2
BRF:24
BRH:17
end_of_record
